# JRE version: Java(TM) SE Runtime Environment (18.0.2.1+1) (build 18.0.2.1+1-1)
# Java VM: Java HotSpot(TM) 64-Bit Server VM (18.0.2.1+1-1, mixed mode, sharing, tiered, compressed oops, compressed class ptrs, g1 gc, bsd-amd64)
GC Precious Log:
 CardTable entry size: 512
 Card Set container configuration: InlinePtr #cards 4 size 8 Array Of Cards #cards 16 size 48 Howl #buckets 8 coarsen threshold 3686 Howl Bitmap #cards 512 size 80 coarsen threshold 460 Card regions per heap region 1 cards per card region 4096
 CPUs: 8 total, 8 available
 Memory: 16384M
 Large Page Support: Disabled
 NUMA Support: Disabled
 Compressed Oops: Enabled (Zero based)
 Heap Region Size: 2M
 Heap Min Capacity: 8M
 Heap Initial Capacity: 256M
 Heap Max Capacity: 4G
 Pre-touch: Disabled
 Parallel Workers: 8
 Concurrent Workers: 2
 Concurrent Refinement Workers: 8
 Periodic GC: Disabled
Heap:
 garbage-first heap   total 266240K, used 106930K [0x0000000700000000, 0x0000000800000000)
  region size 2048K, 24 young (49152K), 8 survivors (16384K)
 Metaspace       used 80656K, committed 81920K, reserved 1179648K
  class space    used 9132K, committed 9792K, reserved 1048576K
GC Heap History (20 events):
Event: 1608.765 GC heap before
{Heap before GC invocations=147 (full 11):
 garbage-first heap   total 137216K, used 86902K [0x0000000700000000, 0x0000000800000000)
  region size 2048K, 26 young (53248K), 0 survivors (0K)
 Metaspace       used 79217K, committed 80320K, reserved 1179648K
  class space    used 9003K, committed 9600K, reserved 1048576K
}
Event: 1608.769 GC heap after
{Heap after GC invocations=148 (full 11):
 garbage-first heap   total 137216K, used 40582K [0x0000000700000000, 0x0000000800000000)
  region size 2048K, 3 young (6144K), 3 survivors (6144K)
 Metaspace       used 79217K, committed 80320K, reserved 1179648K
  class space    used 9003K, committed 9600K, reserved 1048576K
}
Event: 1609.356 GC heap before
{Heap before GC invocations=149 (full 11):
 garbage-first heap   total 137216K, used 89734K [0x0000000700000000, 0x0000000800000000)
  region size 2048K, 28 young (57344K), 3 survivors (6144K)
 Metaspace       used 79508K, committed 80576K, reserved 1179648K
  class space    used 9019K, committed 9600K, reserved 1048576K
}
Event: 1609.367 GC heap after
{Heap after GC invocations=150 (full 11):
 garbage-first heap   total 137216K, used 49619K [0x0000000700000000, 0x0000000800000000)
  region size 2048K, 4 young (8192K), 4 survivors (8192K)
 Metaspace       used 79508K, committed 80576K, reserved 1179648K
  class space    used 9019K, committed 9600K, reserved 1048576K
}
Event: 1609.451 GC heap before
{Heap before GC invocations=150 (full 11):
 garbage-first heap   total 137216K, used 90579K [0x0000000700000000, 0x0000000800000000)
  region size 2048K, 25 young (51200K), 4 survivors (8192K)
 Metaspace       used 79508K, committed 80576K, reserved 1179648K
  class space    used 9019K, committed 9600K, reserved 1048576K
}
Event: 1609.458 GC heap after
{Heap after GC invocations=151 (full 11):
 garbage-first heap   total 137216K, used 61124K [0x0000000700000000, 0x0000000800000000)
  region size 2048K, 4 young (8192K), 4 survivors (8192K)
 Metaspace       used 79508K, committed 80576K, reserved 1179648K
  class space    used 9019K, committed 9600K, reserved 1048576K
}
Event: 1609.476 GC heap before
{Heap before GC invocations=151 (full 11):
 garbage-first heap   total 137216K, used 91844K [0x0000000700000000, 0x0000000800000000)
  region size 2048K, 20 young (40960K), 4 survivors (8192K)
 Metaspace       used 79508K, committed 80576K, reserved 1179648K
  class space    used 9019K, committed 9600K, reserved 1048576K
}
Event: 1609.482 GC heap after
{Heap after GC invocations=152 (full 11):
 garbage-first heap   total 137216K, used 71108K [0x0000000700000000, 0x0000000800000000)
  region size 2048K, 3 young (6144K), 3 survivors (6144K)
 Metaspace       used 79508K, committed 80576K, reserved 1179648K
  class space    used 9019K, committed 9600K, reserved 1048576K
}
Event: 1609.580 GC heap before
{Heap before GC invocations=153 (full 11):
 garbage-first heap   total 157696K, used 93636K [0x0000000700000000, 0x0000000800000000)
  region size 2048K, 15 young (30720K), 3 survivors (6144K)
 Metaspace       used 79508K, committed 80576K, reserved 1179648K
  class space    used 9019K, committed 9600K, reserved 1048576K
}
Event: 1609.585 GC heap after
{Heap after GC invocations=154 (full 11):
 garbage-first heap   total 157696K, used 78710K [0x0000000700000000, 0x0000000800000000)
  region size 2048K, 2 young (4096K), 2 survivors (4096K)
 Metaspace       used 79508K, committed 80576K, reserved 1179648K
  class space    used 9019K, committed 9600K, reserved 1048576K
}
Event: 1714.445 GC heap before
{Heap before GC invocations=154 (full 11):
 garbage-first heap   total 157696K, used 111478K [0x0000000700000000, 0x0000000800000000)
  region size 2048K, 18 young (36864K), 2 survivors (4096K)
 Metaspace       used 79651K, committed 80768K, reserved 1179648K
  class space    used 9042K, committed 9664K, reserved 1048576K
}
Event: 1714.453 GC heap after
{Heap after GC invocations=155 (full 11):
 garbage-first heap   total 157696K, used 82967K [0x0000000700000000, 0x0000000800000000)
  region size 2048K, 2 young (4096K), 2 survivors (4096K)
 Metaspace       used 79651K, committed 80768K, reserved 1179648K
  class space    used 9042K, committed 9664K, reserved 1048576K
}
Event: 1732.897 GC heap before
{Heap before GC invocations=156 (full 11):
 garbage-first heap   total 157696K, used 99351K [0x0000000700000000, 0x0000000800000000)
  region size 2048K, 11 young (22528K), 2 survivors (4096K)
 Metaspace       used 79696K, committed 80832K, reserved 1179648K
  class space    used 9047K, committed 9664K, reserved 1048576K
}
Event: 1732.980 GC heap after
{Heap after GC invocations=157 (full 12):
 garbage-first heap   total 151552K, used 36144K [0x0000000700000000, 0x0000000800000000)
  region size 2048K, 0 young (0K), 0 survivors (0K)
 Metaspace       used 79696K, committed 80832K, reserved 1179648K
  class space    used 9047K, committed 9664K, reserved 1048576K
}
Event: 1734.063 GC heap before
{Heap before GC invocations=157 (full 12):
 garbage-first heap   total 151552K, used 87344K [0x0000000700000000, 0x0000000800000000)
  region size 2048K, 25 young (51200K), 0 survivors (0K)
 Metaspace       used 80101K, committed 81216K, reserved 1179648K
  class space    used 9078K, committed 9664K, reserved 1048576K
}
Event: 1734.067 GC heap after
{Heap after GC invocations=158 (full 12):
 garbage-first heap   total 151552K, used 40240K [0x0000000700000000, 0x0000000800000000)
  region size 2048K, 2 young (4096K), 2 survivors (4096K)
 Metaspace       used 80101K, committed 81216K, reserved 1179648K
  class space    used 9078K, committed 9664K, reserved 1048576K
}
Event: 1734.691 GC heap before
{Heap before GC invocations=159 (full 12):
 garbage-first heap   total 151552K, used 91440K [0x0000000700000000, 0x0000000800000000)
  region size 2048K, 28 young (57344K), 2 survivors (4096K)
 Metaspace       used 80436K, committed 81664K, reserved 1179648K
  class space    used 9097K, committed 9728K, reserved 1048576K
}
Event: 1734.700 GC heap after
{Heap after GC invocations=160 (full 12):
 garbage-first heap   total 266240K, used 49674K [0x0000000700000000, 0x0000000800000000)
  region size 2048K, 4 young (8192K), 4 survivors (8192K)
 Metaspace       used 80436K, committed 81664K, reserved 1179648K
  class space    used 9097K, committed 9728K, reserved 1048576K
}
Event: 1734.858 GC heap before
{Heap before GC invocations=160 (full 12):
 garbage-first heap   total 266240K, used 160266K [0x0000000700000000, 0x0000000800000000)
  region size 2048K, 59 young (120832K), 4 survivors (8192K)
 Metaspace       used 80481K, committed 81664K, reserved 1179648K
  class space    used 9101K, committed 9728K, reserved 1048576K
}
Event: 1734.876 GC heap after
{Heap after GC invocations=161 (full 12):
 garbage-first heap   total 266240K, used 76210K [0x0000000700000000, 0x0000000800000000)
  region size 2048K, 8 young (16384K), 8 survivors (16384K)
 Metaspace       used 80481K, committed 81664K, reserved 1179648K
  class space    used 9101K, committed 9728K, reserved 1048576K
}

