# JRE version: Java(TM) SE Runtime Environment (18.0.2.1+1) (build 18.0.2.1+1-1)
# Java VM: Java HotSpot(TM) 64-Bit Server VM (18.0.2.1+1-1, mixed mode, sharing, tiered, compressed oops, compressed class ptrs, g1 gc, bsd-amd64)
GC Precious Log:
 CardTable entry size: 512
 Card Set container configuration: InlinePtr #cards 4 size 8 Array Of Cards #cards 16 size 48 Howl #buckets 8 coarsen threshold 3686 Howl Bitmap #cards 512 size 80 coarsen threshold 460 Card regions per heap region 1 cards per card region 4096
 CPUs: 8 total, 8 available
 Memory: 16384M
 Large Page Support: Disabled
 NUMA Support: Disabled
 Compressed Oops: Enabled (Zero based)
 Heap Region Size: 2M
 Heap Min Capacity: 8M
 Heap Initial Capacity: 256M
 Heap Max Capacity: 4G
 Pre-touch: Disabled
 Parallel Workers: 8
 Concurrent Workers: 2
 Concurrent Refinement Workers: 8
 Periodic GC: Disabled
Heap:
 garbage-first heap   total 116736K, used 66142K [0x0000000700000000, 0x0000000800000000)
  region size 2048K, 20 young (40960K), 0 survivors (0K)
 Metaspace       used 72703K, committed 73600K, reserved 1179648K
  class space    used 8120K, committed 8576K, reserved 1048576K
GC Heap History (20 events):
Event: 11142.754 GC heap before
{Heap before GC invocations=149 (full 24):
 garbage-first heap   total 122880K, used 84182K [0x0000000700000000, 0x0000000800000000)
  region size 2048K, 14 young (28672K), 1 survivors (2048K)
 Metaspace       used 72055K, committed 72896K, reserved 1114112K
  class space    used 8078K, committed 8512K, reserved 1048576K
}
Event: 11142.771 GC heap after
{Heap after GC invocations=150 (full 24):
 garbage-first heap   total 122880K, used 60797K [0x0000000700000000, 0x0000000800000000)
  region size 2048K, 1 young (2048K), 1 survivors (2048K)
 Metaspace       used 72055K, committed 72896K, reserved 1114112K
  class space    used 8078K, committed 8512K, reserved 1048576K
}
Event: 11143.451 GC heap before
{Heap before GC invocations=151 (full 24):
 garbage-first heap   total 122880K, used 85373K [0x0000000700000000, 0x0000000800000000)
  region size 2048K, 15 young (30720K), 1 survivors (2048K)
 Metaspace       used 72056K, committed 72896K, reserved 1114112K
  class space    used 8077K, committed 8512K, reserved 1048576K
}
Event: 11143.455 GC heap after
{Heap after GC invocations=152 (full 24):
 garbage-first heap   total 122880K, used 59544K [0x0000000700000000, 0x0000000800000000)
  region size 2048K, 2 young (4096K), 2 survivors (4096K)
 Metaspace       used 72056K, committed 72896K, reserved 1114112K
  class space    used 8077K, committed 8512K, reserved 1048576K
}
Event: 11143.465 GC heap before
{Heap before GC invocations=152 (full 24):
 garbage-first heap   total 122880K, used 59544K [0x0000000700000000, 0x0000000800000000)
  region size 2048K, 3 young (6144K), 2 survivors (4096K)
 Metaspace       used 72057K, committed 72896K, reserved 1114112K
  class space    used 8077K, committed 8512K, reserved 1048576K
}
Event: 11143.467 GC heap after
{Heap after GC invocations=153 (full 24):
 garbage-first heap   total 122880K, used 47680K [0x0000000700000000, 0x0000000800000000)
  region size 2048K, 1 young (2048K), 1 survivors (2048K)
 Metaspace       used 72057K, committed 72896K, reserved 1114112K
  class space    used 8077K, committed 8512K, reserved 1048576K
}
Event: 11143.469 GC heap before
{Heap before GC invocations=153 (full 24):
 garbage-first heap   total 122880K, used 49728K [0x0000000700000000, 0x0000000800000000)
  region size 2048K, 3 young (6144K), 1 survivors (2048K)
 Metaspace       used 72057K, committed 72896K, reserved 1114112K
  class space    used 8077K, committed 8512K, reserved 1048576K
}
Event: 11143.475 GC heap after
{Heap after GC invocations=154 (full 24):
 garbage-first heap   total 368640K, used 38904K [0x0000000700000000, 0x0000000800000000)
  region size 2048K, 1 young (2048K), 1 survivors (2048K)
 Metaspace       used 72057K, committed 72896K, reserved 1114112K
  class space    used 8077K, committed 8512K, reserved 1048576K
}
Event: 11338.429 GC heap before
{Heap before GC invocations=154 (full 24):
 garbage-first heap   total 368640K, used 43000K [0x0000000700000000, 0x0000000800000000)
  region size 2048K, 4 young (8192K), 1 survivors (2048K)
 Metaspace       used 72077K, committed 72896K, reserved 1114112K
  class space    used 8078K, committed 8512K, reserved 1048576K
}
Event: 11338.583 GC heap after
{Heap after GC invocations=155 (full 25):
 garbage-first heap   total 122880K, used 27846K [0x0000000700000000, 0x0000000800000000)
  region size 2048K, 0 young (0K), 0 survivors (0K)
 Metaspace       used 72077K, committed 72896K, reserved 1114112K
  class space    used 8078K, committed 8512K, reserved 1048576K
}
Event: 11339.914 GC heap before
{Heap before GC invocations=155 (full 25):
 garbage-first heap   total 122880K, used 74950K [0x0000000700000000, 0x0000000800000000)
  region size 2048K, 23 young (47104K), 0 survivors (0K)
 Metaspace       used 72399K, committed 73280K, reserved 1114112K
  class space    used 8100K, committed 8576K, reserved 1048576K
}
Event: 11339.920 GC heap after
{Heap after GC invocations=156 (full 25):
 garbage-first heap   total 122880K, used 32280K [0x0000000700000000, 0x0000000800000000)
  region size 2048K, 3 young (6144K), 3 survivors (6144K)
 Metaspace       used 72399K, committed 73280K, reserved 1114112K
  class space    used 8100K, committed 8576K, reserved 1048576K
}
Event: 11340.094 GC heap before
{Heap before GC invocations=157 (full 25):
 garbage-first heap   total 122880K, used 75288K [0x0000000700000000, 0x0000000800000000)
  region size 2048K, 25 young (51200K), 3 survivors (6144K)
 Metaspace       used 72399K, committed 73280K, reserved 1114112K
  class space    used 8100K, committed 8576K, reserved 1048576K
}
Event: 11340.112 GC heap after
{Heap after GC invocations=158 (full 25):
 garbage-first heap   total 122880K, used 44424K [0x0000000700000000, 0x0000000800000000)
  region size 2048K, 4 young (8192K), 4 survivors (8192K)
 Metaspace       used 72399K, committed 73280K, reserved 1114112K
  class space    used 8100K, committed 8576K, reserved 1048576K
}
Event: 11340.134 GC heap before
{Heap before GC invocations=158 (full 25):
 garbage-first heap   total 122880K, used 46472K [0x0000000700000000, 0x0000000800000000)
  region size 2048K, 5 young (10240K), 4 survivors (8192K)
 Metaspace       used 72399K, committed 73280K, reserved 1114112K
  class space    used 8100K, committed 8576K, reserved 1048576K
}
Event: 11340.143 GC heap after
{Heap after GC invocations=159 (full 25):
 garbage-first heap   total 122880K, used 46433K [0x0000000700000000, 0x0000000800000000)
  region size 2048K, 1 young (2048K), 1 survivors (2048K)
 Metaspace       used 72399K, committed 73280K, reserved 1114112K
  class space    used 8100K, committed 8576K, reserved 1048576K
}
Event: 11340.343 GC heap before
{Heap before GC invocations=159 (full 25):
 garbage-first heap   total 122880K, used 79201K [0x0000000700000000, 0x0000000800000000)
  region size 2048K, 18 young (36864K), 1 survivors (2048K)
 Metaspace       used 72401K, committed 73280K, reserved 1114112K
  class space    used 8100K, committed 8576K, reserved 1048576K
}
Event: 11340.346 GC heap after
{Heap after GC invocations=160 (full 25):
 garbage-first heap   total 122880K, used 54345K [0x0000000700000000, 0x0000000800000000)
  region size 2048K, 3 young (6144K), 3 survivors (6144K)
 Metaspace       used 72401K, committed 73280K, reserved 1114112K
  class space    used 8100K, committed 8576K, reserved 1048576K
}
Event: 11416.860 GC heap before
{Heap before GC invocations=161 (full 25):
 garbage-first heap   total 122880K, used 74825K [0x0000000700000000, 0x0000000800000000)
  region size 2048K, 14 young (28672K), 3 survivors (6144K)
 Metaspace       used 72405K, committed 73280K, reserved 1114112K
  class space    used 8100K, committed 8576K, reserved 1048576K
}
Event: 11417.038 GC heap after
{Heap after GC invocations=162 (full 26):
 garbage-first heap   total 116736K, used 27230K [0x0000000700000000, 0x0000000800000000)
  region size 2048K, 0 young (0K), 0 survivors (0K)
 Metaspace       used 72399K, committed 73280K, reserved 1114112K
  class space    used 8099K, committed 8576K, reserved 1048576K
}

