# JRE version: Java(TM) SE Runtime Environment (18.0.2.1+1) (build 18.0.2.1+1-1)
# Java VM: Java HotSpot(TM) 64-Bit Server VM (18.0.2.1+1-1, mixed mode, sharing, tiered, compressed oops, compressed class ptrs, g1 gc, bsd-amd64)
GC Precious Log:
 CardTable entry size: 512
 Card Set container configuration: InlinePtr #cards 4 size 8 Array Of Cards #cards 16 size 48 Howl #buckets 8 coarsen threshold 3686 Howl Bitmap #cards 512 size 80 coarsen threshold 460 Card regions per heap region 1 cards per card region 4096
 CPUs: 8 total, 8 available
 Memory: 16384M
 Large Page Support: Disabled
 NUMA Support: Disabled
 Compressed Oops: Enabled (Zero based)
 Heap Region Size: 2M
 Heap Min Capacity: 8M
 Heap Initial Capacity: 256M
 Heap Max Capacity: 4G
 Pre-touch: Disabled
 Parallel Workers: 8
 Concurrent Workers: 2
 Concurrent Refinement Workers: 8
 Periodic GC: Disabled
Heap:
 garbage-first heap   total 126976K, used 54099K [0x0000000700000000, 0x0000000800000000)
  region size 2048K, 11 young (22528K), 1 survivors (2048K)
 Metaspace       used 71622K, committed 72512K, reserved 1114112K
  class space    used 8011K, committed 8448K, reserved 1048576K
GC Heap History (20 events):
Event: 22826.410 GC heap after
{Heap after GC invocations=266 (full 38):
 garbage-first heap   total 131072K, used 52046K [0x0000000700000000, 0x0000000800000000)
  region size 2048K, 3 young (6144K), 3 survivors (6144K)
 Metaspace       used 70254K, committed 71104K, reserved 1114112K
  class space    used 7921K, committed 8320K, reserved 1048576K
}
Event: 23123.409 GC heap before
{Heap before GC invocations=267 (full 38):
 garbage-first heap   total 131072K, used 84814K [0x0000000700000000, 0x0000000800000000)
  region size 2048K, 19 young (38912K), 3 survivors (6144K)
 Metaspace       used 70406K, committed 71296K, reserved 1114112K
  class space    used 7922K, committed 8320K, reserved 1048576K
}
Event: 23123.441 GC heap after
{Heap after GC invocations=268 (full 38):
 garbage-first heap   total 131072K, used 57820K [0x0000000700000000, 0x0000000800000000)
  region size 2048K, 3 young (6144K), 3 survivors (6144K)
 Metaspace       used 70406K, committed 71296K, reserved 1114112K
  class space    used 7922K, committed 8320K, reserved 1048576K
}
Event: 23179.658 GC heap before
{Heap before GC invocations=268 (full 38):
 garbage-first heap   total 131072K, used 59868K [0x0000000700000000, 0x0000000800000000)
  region size 2048K, 4 young (8192K), 3 survivors (6144K)
 Metaspace       used 70406K, committed 71296K, reserved 1114112K
  class space    used 7922K, committed 8320K, reserved 1048576K
}
Event: 23179.708 GC heap after
{Heap after GC invocations=269 (full 38):
 garbage-first heap   total 131072K, used 59033K [0x0000000700000000, 0x0000000800000000)
  region size 2048K, 1 young (2048K), 1 survivors (2048K)
 Metaspace       used 70406K, committed 71296K, reserved 1114112K
  class space    used 7922K, committed 8320K, reserved 1048576K
}
Event: 23870.064 GC heap before
{Heap before GC invocations=269 (full 38):
 garbage-first heap   total 131072K, used 89753K [0x0000000700000000, 0x0000000800000000)
  region size 2048K, 16 young (32768K), 1 survivors (2048K)
 Metaspace       used 70527K, committed 71424K, reserved 1114112K
  class space    used 7922K, committed 8320K, reserved 1048576K
}
Event: 23870.079 GC heap after
{Heap after GC invocations=270 (full 38):
 garbage-first heap   total 131072K, used 58238K [0x0000000700000000, 0x0000000800000000)
  region size 2048K, 1 young (2048K), 1 survivors (2048K)
 Metaspace       used 70527K, committed 71424K, reserved 1114112K
  class space    used 7922K, committed 8320K, reserved 1048576K
}
Event: 24755.311 GC heap before
{Heap before GC invocations=271 (full 38):
 garbage-first heap   total 131072K, used 84908K [0x0000000700000000, 0x0000000800000000)
  region size 2048K, 17 young (34816K), 1 survivors (2048K)
 Metaspace       used 70580K, committed 71488K, reserved 1114112K
  class space    used 7918K, committed 8320K, reserved 1048576K
}
Event: 24755.328 GC heap after
{Heap after GC invocations=272 (full 38):
 garbage-first heap   total 296960K, used 52499K [0x0000000700000000, 0x0000000800000000)
  region size 2048K, 1 young (2048K), 1 survivors (2048K)
 Metaspace       used 70580K, committed 71488K, reserved 1114112K
  class space    used 7918K, committed 8320K, reserved 1048576K
}
Event: 25102.811 GC heap before
{Heap before GC invocations=272 (full 38):
 garbage-first heap   total 296960K, used 64787K [0x0000000700000000, 0x0000000800000000)
  region size 2048K, 7 young (14336K), 1 survivors (2048K)
 Metaspace       used 70584K, committed 71488K, reserved 1114112K
  class space    used 7918K, committed 8320K, reserved 1048576K
}
Event: 25102.837 GC heap after
{Heap after GC invocations=273 (full 38):
 garbage-first heap   total 296960K, used 36371K [0x0000000700000000, 0x0000000800000000)
  region size 2048K, 1 young (2048K), 1 survivors (2048K)
 Metaspace       used 70584K, committed 71488K, reserved 1114112K
  class space    used 7918K, committed 8320K, reserved 1048576K
}
Event: 25886.815 GC heap before
{Heap before GC invocations=273 (full 38):
 garbage-first heap   total 296960K, used 65043K [0x0000000700000000, 0x0000000800000000)
  region size 2048K, 16 young (32768K), 1 survivors (2048K)
 Metaspace       used 70675K, committed 71552K, reserved 1114112K
  class space    used 7919K, committed 8320K, reserved 1048576K
}
Event: 25886.967 GC heap after
{Heap after GC invocations=274 (full 39):
 garbage-first heap   total 122880K, used 29213K [0x0000000700000000, 0x0000000800000000)
  region size 2048K, 0 young (0K), 0 survivors (0K)
 Metaspace       used 70675K, committed 71552K, reserved 1114112K
  class space    used 7919K, committed 8320K, reserved 1048576K
}
Event: 25888.561 GC heap before
{Heap before GC invocations=274 (full 39):
 garbage-first heap   total 122880K, used 80413K [0x0000000700000000, 0x0000000800000000)
  region size 2048K, 26 young (53248K), 0 survivors (0K)
 Metaspace       used 71008K, committed 71936K, reserved 1114112K
  class space    used 7937K, committed 8384K, reserved 1048576K
}
Event: 25888.568 GC heap after
{Heap after GC invocations=275 (full 39):
 garbage-first heap   total 122880K, used 35370K [0x0000000700000000, 0x0000000800000000)
  region size 2048K, 4 young (8192K), 4 survivors (8192K)
 Metaspace       used 71008K, committed 71936K, reserved 1114112K
  class space    used 7937K, committed 8384K, reserved 1048576K
}
Event: 25888.845 GC heap before
{Heap before GC invocations=276 (full 39):
 garbage-first heap   total 126976K, used 80426K [0x0000000700000000, 0x0000000800000000)
  region size 2048K, 27 young (55296K), 4 survivors (8192K)
 Metaspace       used 71008K, committed 71936K, reserved 1114112K
  class space    used 7937K, committed 8384K, reserved 1048576K
}
Event: 25888.850 GC heap after
{Heap after GC invocations=277 (full 39):
 garbage-first heap   total 126976K, used 35211K [0x0000000700000000, 0x0000000800000000)
  region size 2048K, 1 young (2048K), 1 survivors (2048K)
 Metaspace       used 71008K, committed 71936K, reserved 1114112K
  class space    used 7937K, committed 8384K, reserved 1048576K
}
Event: 25957.619 GC heap before
{Heap before GC invocations=277 (full 39):
 garbage-first heap   total 126976K, used 84363K [0x0000000700000000, 0x0000000800000000)
  region size 2048K, 26 young (53248K), 1 survivors (2048K)
 Metaspace       used 71011K, committed 71936K, reserved 1114112K
  class space    used 7937K, committed 8384K, reserved 1048576K
}
Event: 25957.633 GC heap after
{Heap after GC invocations=278 (full 39):
 garbage-first heap   total 126976K, used 34012K [0x0000000700000000, 0x0000000800000000)
  region size 2048K, 1 young (2048K), 1 survivors (2048K)
 Metaspace       used 71011K, committed 71936K, reserved 1114112K
  class space    used 7937K, committed 8384K, reserved 1048576K
}
Event: 26282.263 GC heap before
{Heap before GC invocations=279 (full 39):
 garbage-first heap   total 126976K, used 52444K [0x0000000700000000, 0x0000000800000000)
  region size 2048K, 11 young (22528K), 1 survivors (2048K)
 Metaspace       used 71622K, committed 72512K, reserved 1114112K
  class space    used 8011K, committed 8448K, reserved 1048576K
}

