# JRE version: Java(TM) SE Runtime Environment (18.0.2.1+1) (build 18.0.2.1+1-1)
# Java VM: Java HotSpot(TM) 64-Bit Server VM (18.0.2.1+1-1, mixed mode, sharing, tiered, compressed oops, compressed class ptrs, g1 gc, bsd-amd64)
GC Precious Log:
 CardTable entry size: 512
 Card Set container configuration: InlinePtr #cards 4 size 8 Array Of Cards #cards 16 size 48 Howl #buckets 8 coarsen threshold 3686 Howl Bitmap #cards 512 size 80 coarsen threshold 460 Card regions per heap region 1 cards per card region 4096
 CPUs: 8 total, 8 available
 Memory: 16384M
 Large Page Support: Disabled
 NUMA Support: Disabled
 Compressed Oops: Enabled (Zero based)
 Heap Region Size: 2M
 Heap Min Capacity: 8M
 Heap Initial Capacity: 256M
 Heap Max Capacity: 4G
 Pre-touch: Disabled
 Parallel Workers: 8
 Concurrent Workers: 2
 Concurrent Refinement Workers: 8
 Periodic GC: Disabled
Heap:
 garbage-first heap   total 145408K, used 70829K [0x0000000700000000, 0x0000000800000000)
  region size 2048K, 12 young (24576K), 2 survivors (4096K)
 Metaspace       used 63666K, committed 64256K, reserved 1114112K
  class space    used 7584K, committed 7872K, reserved 1048576K
GC Heap History (20 events):
Event: 6781.960 GC heap after
{Heap after GC invocations=55 (full 7):
 garbage-first heap   total 110592K, used 25543K [0x0000000700000000, 0x0000000800000000)
  region size 2048K, 0 young (0K), 0 survivors (0K)
 Metaspace       used 62920K, committed 63488K, reserved 1114112K
  class space    used 7544K, committed 7808K, reserved 1048576K
}
Event: 6783.115 GC heap before
{Heap before GC invocations=55 (full 7):
 garbage-first heap   total 110592K, used 64455K [0x0000000700000000, 0x0000000800000000)
  region size 2048K, 19 young (38912K), 0 survivors (0K)
 Metaspace       used 63247K, committed 63808K, reserved 1114112K
  class space    used 7562K, committed 7872K, reserved 1048576K
}
Event: 6783.119 GC heap after
{Heap after GC invocations=56 (full 7):
 garbage-first heap   total 110592K, used 29639K [0x0000000700000000, 0x0000000800000000)
  region size 2048K, 2 young (4096K), 2 survivors (4096K)
 Metaspace       used 63247K, committed 63808K, reserved 1114112K
  class space    used 7562K, committed 7872K, reserved 1048576K
}
Event: 6783.358 GC heap before
{Heap before GC invocations=56 (full 7):
 garbage-first heap   total 110592K, used 66503K [0x0000000700000000, 0x0000000800000000)
  region size 2048K, 21 young (43008K), 2 survivors (4096K)
 Metaspace       used 63251K, committed 63808K, reserved 1114112K
  class space    used 7562K, committed 7872K, reserved 1048576K
}
Event: 6783.367 GC heap after
{Heap after GC invocations=57 (full 7):
 garbage-first heap   total 110592K, used 38427K [0x0000000700000000, 0x0000000800000000)
  region size 2048K, 3 young (6144K), 3 survivors (6144K)
 Metaspace       used 63251K, committed 63808K, reserved 1114112K
  class space    used 7562K, committed 7872K, reserved 1048576K
}
Event: 6783.539 GC heap before
{Heap before GC invocations=57 (full 7):
 garbage-first heap   total 110592K, used 67099K [0x0000000700000000, 0x0000000800000000)
  region size 2048K, 18 young (36864K), 3 survivors (6144K)
 Metaspace       used 63251K, committed 63808K, reserved 1114112K
  class space    used 7562K, committed 7872K, reserved 1048576K
}
Event: 6783.546 GC heap after
{Heap after GC invocations=58 (full 7):
 garbage-first heap   total 110592K, used 46694K [0x0000000700000000, 0x0000000800000000)
  region size 2048K, 3 young (6144K), 3 survivors (6144K)
 Metaspace       used 63251K, committed 63808K, reserved 1114112K
  class space    used 7562K, committed 7872K, reserved 1048576K
}
Event: 6783.579 GC heap before
{Heap before GC invocations=58 (full 7):
 garbage-first heap   total 110592K, used 71270K [0x0000000700000000, 0x0000000800000000)
  region size 2048K, 15 young (30720K), 3 survivors (6144K)
 Metaspace       used 63257K, committed 63808K, reserved 1114112K
  class space    used 7562K, committed 7872K, reserved 1048576K
}
Event: 6783.588 GC heap after
{Heap after GC invocations=59 (full 7):
 garbage-first heap   total 110592K, used 53399K [0x0000000700000000, 0x0000000800000000)
  region size 2048K, 2 young (4096K), 2 survivors (4096K)
 Metaspace       used 63257K, committed 63808K, reserved 1114112K
  class space    used 7562K, committed 7872K, reserved 1048576K
}
Event: 6827.634 GC heap before
{Heap before GC invocations=59 (full 7):
 garbage-first heap   total 110592K, used 67735K [0x0000000700000000, 0x0000000800000000)
  region size 2048K, 10 young (20480K), 2 survivors (4096K)
 Metaspace       used 63309K, committed 63872K, reserved 1114112K
  class space    used 7563K, committed 7872K, reserved 1048576K
}
Event: 6827.753 GC heap after
{Heap after GC invocations=60 (full 8):
 garbage-first heap   total 110592K, used 25774K [0x0000000700000000, 0x0000000800000000)
  region size 2048K, 0 young (0K), 0 survivors (0K)
 Metaspace       used 63303K, committed 63872K, reserved 1114112K
  class space    used 7562K, committed 7872K, reserved 1048576K
}
Event: 6829.015 GC heap before
{Heap before GC invocations=60 (full 8):
 garbage-first heap   total 110592K, used 64686K [0x0000000700000000, 0x0000000800000000)
  region size 2048K, 19 young (38912K), 0 survivors (0K)
 Metaspace       used 63613K, committed 64192K, reserved 1114112K
  class space    used 7581K, committed 7872K, reserved 1048576K
}
Event: 6829.021 GC heap after
{Heap after GC invocations=61 (full 8):
 garbage-first heap   total 110592K, used 29977K [0x0000000700000000, 0x0000000800000000)
  region size 2048K, 3 young (6144K), 3 survivors (6144K)
 Metaspace       used 63613K, committed 64192K, reserved 1114112K
  class space    used 7581K, committed 7872K, reserved 1048576K
}
Event: 6829.266 GC heap before
{Heap before GC invocations=61 (full 8):
 garbage-first heap   total 110592K, used 64793K [0x0000000700000000, 0x0000000800000000)
  region size 2048K, 21 young (43008K), 3 survivors (6144K)
 Metaspace       used 63618K, committed 64192K, reserved 1114112K
  class space    used 7581K, committed 7872K, reserved 1048576K
}
Event: 6829.275 GC heap after
{Heap after GC invocations=62 (full 8):
 garbage-first heap   total 110592K, used 39080K [0x0000000700000000, 0x0000000800000000)
  region size 2048K, 3 young (6144K), 3 survivors (6144K)
 Metaspace       used 63618K, committed 64192K, reserved 1114112K
  class space    used 7581K, committed 7872K, reserved 1048576K
}
Event: 6829.539 GC heap before
{Heap before GC invocations=62 (full 8):
 garbage-first heap   total 110592K, used 67752K [0x0000000700000000, 0x0000000800000000)
  region size 2048K, 18 young (36864K), 3 survivors (6144K)
 Metaspace       used 63618K, committed 64192K, reserved 1114112K
  class space    used 7581K, committed 7872K, reserved 1048576K
}
Event: 6829.547 GC heap after
{Heap after GC invocations=63 (full 8):
 garbage-first heap   total 110592K, used 46671K [0x0000000700000000, 0x0000000800000000)
  region size 2048K, 3 young (6144K), 3 survivors (6144K)
 Metaspace       used 63618K, committed 64192K, reserved 1114112K
  class space    used 7581K, committed 7872K, reserved 1048576K
}
Event: 6829.588 GC heap before
{Heap before GC invocations=63 (full 8):
 garbage-first heap   total 110592K, used 69199K [0x0000000700000000, 0x0000000800000000)
  region size 2048K, 15 young (30720K), 3 survivors (6144K)
 Metaspace       used 63618K, committed 64192K, reserved 1114112K
  class space    used 7581K, committed 7872K, reserved 1048576K
}
Event: 6829.596 GC heap after
{Heap after GC invocations=64 (full 8):
 garbage-first heap   total 145408K, used 52186K [0x0000000700000000, 0x0000000800000000)
  region size 2048K, 2 young (4096K), 2 survivors (4096K)
 Metaspace       used 63618K, committed 64192K, reserved 1114112K
  class space    used 7581K, committed 7872K, reserved 1048576K
}
Event: 6910.059 GC heap before
{Heap before GC invocations=64 (full 8):
 garbage-first heap   total 145408K, used 70618K [0x0000000700000000, 0x0000000800000000)
  region size 2048K, 12 young (24576K), 2 survivors (4096K)
 Metaspace       used 63666K, committed 64256K, reserved 1114112K
  class space    used 7584K, committed 7872K, reserved 1048576K
}

