# JRE version: Java(TM) SE Runtime Environment (18.0.2.1+1) (build 18.0.2.1+1-1)
# Java VM: Java HotSpot(TM) 64-Bit Server VM (18.0.2.1+1-1, mixed mode, sharing, tiered, compressed oops, compressed class ptrs, g1 gc, bsd-amd64)
GC Precious Log:
 CardTable entry size: 512
 Card Set container configuration: InlinePtr #cards 4 size 8 Array Of Cards #cards 16 size 48 Howl #buckets 8 coarsen threshold 3686 Howl Bitmap #cards 512 size 80 coarsen threshold 460 Card regions per heap region 1 cards per card region 4096
 CPUs: 8 total, 8 available
 Memory: 16384M
 Large Page Support: Disabled
 NUMA Support: Disabled
 Compressed Oops: Enabled (Zero based)
 Heap Region Size: 2M
 Heap Min Capacity: 8M
 Heap Initial Capacity: 256M
 Heap Max Capacity: 4G
 Pre-touch: Disabled
 Parallel Workers: 8
 Concurrent Workers: 2
 Concurrent Refinement Workers: 8
 Periodic GC: Disabled
Heap:
 garbage-first heap   total 131072K, used 82944K [0x0000000700000000, 0x0000000800000000)
  region size 2048K, 27 young (55296K), 0 survivors (0K)
 Metaspace       used 78219K, committed 79168K, reserved 1179648K
  class space    used 8732K, committed 9216K, reserved 1048576K
GC Heap History (20 events):
Event: 6364.452 GC heap before
{Heap before GC invocations=147 (full 15):
 garbage-first heap   total 131072K, used 80907K [0x0000000700000000, 0x0000000800000000)
  region size 2048K, 25 young (51200K), 3 survivors (6144K)
 Metaspace       used 77290K, committed 78208K, reserved 1179648K
  class space    used 8659K, committed 9088K, reserved 1048576K
}
Event: 6364.460 GC heap after
{Heap after GC invocations=148 (full 15):
 garbage-first heap   total 131072K, used 44967K [0x0000000700000000, 0x0000000800000000)
  region size 2048K, 4 young (8192K), 4 survivors (8192K)
 Metaspace       used 77290K, committed 78208K, reserved 1179648K
  class space    used 8659K, committed 9088K, reserved 1048576K
}
Event: 6364.585 GC heap before
{Heap before GC invocations=148 (full 15):
 garbage-first heap   total 131072K, used 81831K [0x0000000700000000, 0x0000000800000000)
  region size 2048K, 23 young (47104K), 4 survivors (8192K)
 Metaspace       used 77291K, committed 78208K, reserved 1179648K
  class space    used 8659K, committed 9088K, reserved 1048576K
}
Event: 6364.589 GC heap after
{Heap after GC invocations=149 (full 15):
 garbage-first heap   total 131072K, used 45883K [0x0000000700000000, 0x0000000800000000)
  region size 2048K, 3 young (6144K), 3 survivors (6144K)
 Metaspace       used 77291K, committed 78208K, reserved 1179648K
  class space    used 8659K, committed 9088K, reserved 1048576K
}
Event: 6368.494 GC heap before
{Heap before GC invocations=150 (full 15):
 garbage-first heap   total 131072K, used 84795K [0x0000000700000000, 0x0000000800000000)
  region size 2048K, 22 young (45056K), 3 survivors (6144K)
 Metaspace       used 77371K, committed 78336K, reserved 1179648K
  class space    used 8668K, committed 9152K, reserved 1048576K
}
Event: 6368.498 GC heap after
{Heap after GC invocations=151 (full 15):
 garbage-first heap   total 131072K, used 42194K [0x0000000700000000, 0x0000000800000000)
  region size 2048K, 1 young (2048K), 1 survivors (2048K)
 Metaspace       used 77371K, committed 78336K, reserved 1179648K
  class space    used 8668K, committed 9152K, reserved 1048576K
}
Event: 7038.831 GC heap before
{Heap before GC invocations=151 (full 15):
 garbage-first heap   total 131072K, used 87250K [0x0000000700000000, 0x0000000800000000)
  region size 2048K, 23 young (47104K), 1 survivors (2048K)
 Metaspace       used 77627K, committed 78528K, reserved 1179648K
  class space    used 8691K, committed 9152K, reserved 1048576K
}
Event: 7038.848 GC heap after
{Heap after GC invocations=152 (full 15):
 garbage-first heap   total 131072K, used 42330K [0x0000000700000000, 0x0000000800000000)
  region size 2048K, 1 young (2048K), 1 survivors (2048K)
 Metaspace       used 77627K, committed 78528K, reserved 1179648K
  class space    used 8691K, committed 9152K, reserved 1048576K
}
Event: 7294.905 GC heap before
{Heap before GC invocations=153 (full 15):
 garbage-first heap   total 131072K, used 89434K [0x0000000700000000, 0x0000000800000000)
  region size 2048K, 24 young (49152K), 1 survivors (2048K)
 Metaspace       used 77692K, committed 78720K, reserved 1179648K
  class space    used 8698K, committed 9216K, reserved 1048576K
}
Event: 7294.933 GC heap after
{Heap after GC invocations=154 (full 15):
 garbage-first heap   total 131072K, used 42182K [0x0000000700000000, 0x0000000800000000)
  region size 2048K, 1 young (2048K), 1 survivors (2048K)
 Metaspace       used 77692K, committed 78720K, reserved 1179648K
  class space    used 8698K, committed 9216K, reserved 1048576K
}
Event: 7317.038 GC heap before
{Heap before GC invocations=154 (full 15):
 garbage-first heap   total 131072K, used 46278K [0x0000000700000000, 0x0000000800000000)
  region size 2048K, 3 young (6144K), 1 survivors (2048K)
 Metaspace       used 77692K, committed 78720K, reserved 1179648K
  class space    used 8698K, committed 9216K, reserved 1048576K
}
Event: 7317.061 GC heap after
{Heap after GC invocations=155 (full 15):
 garbage-first heap   total 131072K, used 38816K [0x0000000700000000, 0x0000000800000000)
  region size 2048K, 1 young (2048K), 1 survivors (2048K)
 Metaspace       used 77692K, committed 78720K, reserved 1179648K
  class space    used 8698K, committed 9216K, reserved 1048576K
}
Event: 7431.959 GC heap before
{Heap before GC invocations=155 (full 15):
 garbage-first heap   total 131072K, used 96160K [0x0000000700000000, 0x0000000800000000)
  region size 2048K, 29 young (59392K), 1 survivors (2048K)
 Metaspace       used 77776K, committed 78720K, reserved 1179648K
  class space    used 8702K, committed 9216K, reserved 1048576K
}
Event: 7431.982 GC heap after
{Heap after GC invocations=156 (full 15):
 garbage-first heap   total 131072K, used 38931K [0x0000000700000000, 0x0000000800000000)
  region size 2048K, 1 young (2048K), 1 survivors (2048K)
 Metaspace       used 77776K, committed 78720K, reserved 1179648K
  class space    used 8702K, committed 9216K, reserved 1048576K
}
Event: 7568.703 GC heap before
{Heap before GC invocations=157 (full 15):
 garbage-first heap   total 131072K, used 98323K [0x0000000700000000, 0x0000000800000000)
  region size 2048K, 30 young (61440K), 1 survivors (2048K)
 Metaspace       used 77796K, committed 78784K, reserved 1179648K
  class space    used 8702K, committed 9216K, reserved 1048576K
}
Event: 7568.722 GC heap after
{Heap after GC invocations=158 (full 15):
 garbage-first heap   total 131072K, used 38957K [0x0000000700000000, 0x0000000800000000)
  region size 2048K, 1 young (2048K), 1 survivors (2048K)
 Metaspace       used 77796K, committed 78784K, reserved 1179648K
  class space    used 8702K, committed 9216K, reserved 1048576K
}
Event: 7576.040 GC heap before
{Heap before GC invocations=158 (full 15):
 garbage-first heap   total 131072K, used 43053K [0x0000000700000000, 0x0000000800000000)
  region size 2048K, 3 young (6144K), 1 survivors (2048K)
 Metaspace       used 77797K, committed 78784K, reserved 1179648K
  class space    used 8702K, committed 9216K, reserved 1048576K
}
Event: 7576.059 GC heap after
{Heap after GC invocations=159 (full 15):
 garbage-first heap   total 131072K, used 37250K [0x0000000700000000, 0x0000000800000000)
  region size 2048K, 1 young (2048K), 1 survivors (2048K)
 Metaspace       used 77797K, committed 78784K, reserved 1179648K
  class space    used 8702K, committed 9216K, reserved 1048576K
}
Event: 7709.747 GC heap before
{Heap before GC invocations=159 (full 15):
 garbage-first heap   total 131072K, used 88450K [0x0000000700000000, 0x0000000800000000)
  region size 2048K, 27 young (55296K), 1 survivors (2048K)
 Metaspace       used 77804K, committed 78784K, reserved 1179648K
  class space    used 8703K, committed 9216K, reserved 1048576K
}
Event: 7709.921 GC heap after
{Heap after GC invocations=160 (full 16):
 garbage-first heap   total 131072K, used 31744K [0x0000000700000000, 0x0000000800000000)
  region size 2048K, 0 young (0K), 0 survivors (0K)
 Metaspace       used 77804K, committed 78784K, reserved 1179648K
  class space    used 8703K, committed 9216K, reserved 1048576K
}

